# JRE version: OpenJDK Runtime Environment Temurin-21.0.12.1+1 (21.0.12.1+1) (build 21.0.12.1+1-LTS)
# Java VM: OpenJDK 64-Bit Server VM Temurin-21.0.12.1+1 (21.0.12.1+1-LTS, mixed mode, sharing, tiered, compressed oops, compressed class ptrs, parallel gc, windows-amd64)
GC Precious Log:
 CardTable entry size: 512
 CPUs: 8 total, 8 available
 Memory: 7991M
 Large Page Support: Disabled
 NUMA Support: Disabled
 Compressed Oops: Enabled (32-bit)
 Alignments: Space 512K, Generation 512K, Heap 2M
 Heap Min Capacity: 100M
 Heap Initial Capacity: 100M
 Heap Max Capacity: 2G
 Pre-touch: Disabled
 Parallel Workers: 8
Heap:
 PSYoungGen      total 6144K, used 518K [0x00000000d5580000, 0x00000000d5c00000, 0x0000000100000000)
  eden space 5632K, 4% used [0x00000000d5580000,0x00000000d55c1ac0,0x00000000d5b00000)
  from space 512K, 50% used [0x00000000d5b80000,0x00000000d5bc0000,0x00000000d5c00000)
  to   space 512K, 0% used [0x00000000d5b00000,0x00000000d5b00000,0x00000000d5b80000)
 ParOldGen       total 1282560K, used 1282419K [0x0000000080000000, 0x00000000ce480000, 0x00000000d5580000)
  object space 1282560K, 99% used [0x0000000080000000,0x00000000ce45cea8,0x00000000ce480000)
 Metaspace       used 66574K, committed 68224K, reserved 1114112K
  class space    used 6713K, committed 7552K, reserved 1048576K
GC Heap History (20 events):
Event: 207.930 GC heap before
{Heap before GC invocations=5834 (full 5):
 PSYoungGen      total 4608K, used 4583K [0x00000000d5580000, 0x00000000d5c80000, 0x0000000100000000)
  eden space 4096K, 99% used [0x00000000d5580000,0x00000000d597fff0,0x00000000d5980000)
  from space 512K, 95% used [0x00000000d5b00000,0x00000000d5b79f90,0x00000000d5b80000)
  to   space 1536K, 0% used [0x00000000d5980000,0x00000000d5980000,0x00000000d5b00000)
 ParOldGen       total 1274880K, used 1274684K [0x0000000080000000, 0x00000000cdd00000, 0x00000000d5580000)
  object space 1274880K, 99% used [0x0000000080000000,0x00000000cdccf280,0x00000000cdd00000)
 Metaspace       used 66573K, committed 68224K, reserved 1114112K
  class space    used 6712K, committed 7552K, reserved 1048576K
}
Event: 207.935 GC heap after
{Heap after GC invocations=5834 (full 5):
 PSYoungGen      total 5632K, used 1536K [0x00000000d5580000, 0x00000000d6080000, 0x0000000100000000)
  eden space 4096K, 0% used [0x00000000d5580000,0x00000000d5580000,0x00000000d5980000)
  from space 1536K, 100% used [0x00000000d5980000,0x00000000d5b00000,0x00000000d5b00000)
  to   space 3584K, 0% used [0x00000000d5d00000,0x00000000d5d00000,0x00000000d6080000)
 ParOldGen       total 1276416K, used 1276044K [0x0000000080000000, 0x00000000cde80000, 0x00000000d5580000)
  object space 1276416K, 99% used [0x0000000080000000,0x00000000cde23210,0x00000000cde80000)
 Metaspace       used 66573K, committed 68224K, reserved 1114112K
  class space    used 6712K, committed 7552K, reserved 1048576K
}
Event: 207.983 GC heap before
{Heap before GC invocations=5835 (full 5):
 PSYoungGen      total 5632K, used 5632K [0x00000000d5580000, 0x00000000d6080000, 0x0000000100000000)
  eden space 4096K, 100% used [0x00000000d5580000,0x00000000d5980000,0x00000000d5980000)
  from space 1536K, 100% used [0x00000000d5980000,0x00000000d5b00000,0x00000000d5b00000)
  to   space 3584K, 0% used [0x00000000d5d00000,0x00000000d5d00000,0x00000000d6080000)
 ParOldGen       total 1276416K, used 1276044K [0x0000000080000000, 0x00000000cde80000, 0x00000000d5580000)
  object space 1276416K, 99% used [0x0000000080000000,0x00000000cde23210,0x00000000cde80000)
 Metaspace       used 66573K, committed 68224K, reserved 1114112K
  class space    used 6712K, committed 7552K, reserved 1048576K
}
Event: 207.988 GC heap after
{Heap after GC invocations=5835 (full 5):
 PSYoungGen      total 5120K, used 672K [0x00000000d5580000, 0x00000000d5e00000, 0x0000000100000000)
  eden space 4096K, 0% used [0x00000000d5580000,0x00000000d5580000,0x00000000d5980000)
  from space 1024K, 65% used [0x00000000d5d00000,0x00000000d5da8000,0x00000000d5e00000)
  to   space 1536K, 0% used [0x00000000d5b00000,0x00000000d5b00000,0x00000000d5c80000)
 ParOldGen       total 1277952K, used 1277619K [0x0000000080000000, 0x00000000ce000000, 0x00000000d5580000)
  object space 1277952K, 99% used [0x0000000080000000,0x00000000cdfacc60,0x00000000ce000000)
 Metaspace       used 66573K, committed 68224K, reserved 1114112K
  class space    used 6712K, committed 7552K, reserved 1048576K
}
Event: 208.020 GC heap before
{Heap before GC invocations=5836 (full 5):
 PSYoungGen      total 5120K, used 4767K [0x00000000d5580000, 0x00000000d5e00000, 0x0000000100000000)
  eden space 4096K, 99% used [0x00000000d5580000,0x00000000d597fff0,0x00000000d5980000)
  from space 1024K, 65% used [0x00000000d5d00000,0x00000000d5da8000,0x00000000d5e00000)
  to   space 1536K, 0% used [0x00000000d5b00000,0x00000000d5b00000,0x00000000d5c80000)
 ParOldGen       total 1277952K, used 1277619K [0x0000000080000000, 0x00000000ce000000, 0x00000000d5580000)
  object space 1277952K, 99% used [0x0000000080000000,0x00000000cdfacc60,0x00000000ce000000)
 Metaspace       used 66573K, committed 68224K, reserved 1114112K
  class space    used 6712K, committed 7552K, reserved 1048576K
}
Event: 208.024 GC heap after
{Heap after GC invocations=5836 (full 5):
 PSYoungGen      total 5632K, used 384K [0x00000000d5580000, 0x00000000d5d80000, 0x0000000100000000)
  eden space 4096K, 0% used [0x00000000d5580000,0x00000000d5580000,0x00000000d5980000)
  from space 1536K, 25% used [0x00000000d5b00000,0x00000000d5b60000,0x00000000d5c80000)
  to   space 1024K, 0% used [0x00000000d5c80000,0x00000000d5c80000,0x00000000d5d80000)
 ParOldGen       total 1278464K, used 1278155K [0x0000000080000000, 0x00000000ce080000, 0x00000000d5580000)
  object space 1278464K, 99% used [0x0000000080000000,0x00000000ce032c60,0x00000000ce080000)
 Metaspace       used 66573K, committed 68224K, reserved 1114112K
  class space    used 6712K, committed 7552K, reserved 1048576K
}
Event: 208.032 GC heap before
{Heap before GC invocations=5837 (full 5):
 PSYoungGen      total 5632K, used 4480K [0x00000000d5580000, 0x00000000d5d80000, 0x0000000100000000)
  eden space 4096K, 100% used [0x00000000d5580000,0x00000000d5980000,0x00000000d5980000)
  from space 1536K, 25% used [0x00000000d5b00000,0x00000000d5b60000,0x00000000d5c80000)
  to   space 1024K, 0% used [0x00000000d5c80000,0x00000000d5c80000,0x00000000d5d80000)
 ParOldGen       total 1278464K, used 1278155K [0x0000000080000000, 0x00000000ce080000, 0x00000000d5580000)
  object space 1278464K, 99% used [0x0000000080000000,0x00000000ce032c60,0x00000000ce080000)
 Metaspace       used 66573K, committed 68224K, reserved 1114112K
  class space    used 6712K, committed 7552K, reserved 1048576K
}
Event: 208.037 GC heap after
{Heap after GC invocations=5837 (full 5):
 PSYoungGen      total 4608K, used 1007K [0x00000000d5580000, 0x00000000d6080000, 0x0000000100000000)
  eden space 3584K, 0% used [0x00000000d5580000,0x00000000d5580000,0x00000000d5900000)
  from space 1024K, 98% used [0x00000000d5c80000,0x00000000d5d7bf20,0x00000000d5d80000)
  to   space 3584K, 0% used [0x00000000d5900000,0x00000000d5900000,0x00000000d5c80000)
 ParOldGen       total 1280512K, used 1280181K [0x0000000080000000, 0x00000000ce280000, 0x00000000d5580000)
  object space 1280512K, 99% used [0x0000000080000000,0x00000000ce22d6d8,0x00000000ce280000)
 Metaspace       used 66573K, committed 68224K, reserved 1114112K
  class space    used 6712K, committed 7552K, reserved 1048576K
}
Event: 208.061 GC heap before
{Heap before GC invocations=5838 (full 5):
 PSYoungGen      total 4608K, used 4591K [0x00000000d5580000, 0x00000000d6080000, 0x0000000100000000)
  eden space 3584K, 99% used [0x00000000d5580000,0x00000000d58ffe38,0x00000000d5900000)
  from space 1024K, 98% used [0x00000000d5c80000,0x00000000d5d7bf20,0x00000000d5d80000)
  to   space 3584K, 0% used [0x00000000d5900000,0x00000000d5900000,0x00000000d5c80000)
 ParOldGen       total 1280512K, used 1280181K [0x0000000080000000, 0x00000000ce280000, 0x00000000d5580000)
  object space 1280512K, 99% used [0x0000000080000000,0x00000000ce22d6d8,0x00000000ce280000)
 Metaspace       used 66573K, committed 68224K, reserved 1114112K
  class space    used 6712K, committed 7552K, reserved 1048576K
}
Event: 208.064 GC heap after
{Heap after GC invocations=5838 (full 5):
 PSYoungGen      total 4608K, used 928K [0x00000000d5580000, 0x00000000d5d00000, 0x0000000100000000)
  eden space 3584K, 0% used [0x00000000d5580000,0x00000000d5580000,0x00000000d5900000)
  from space 1024K, 90% used [0x00000000d5900000,0x00000000d59e8000,0x00000000d5a00000)
  to   space 2048K, 0% used [0x00000000d5b00000,0x00000000d5b00000,0x00000000d5d00000)
 ParOldGen       total 1281536K, used 1281213K [0x0000000080000000, 0x00000000ce380000, 0x00000000d5580000)
  object space 1281536K, 99% used [0x0000000080000000,0x00000000ce32f5f8,0x00000000ce380000)
 Metaspace       used 66573K, committed 68224K, reserved 1114112K
  class space    used 6712K, committed 7552K, reserved 1048576K
}
Event: 208.103 GC heap before
{Heap before GC invocations=5839 (full 5):
 PSYoungGen      total 4608K, used 4463K [0x00000000d5580000, 0x00000000d5d00000, 0x0000000100000000)
  eden space 3584K, 98% used [0x00000000d5580000,0x00000000d58f3de0,0x00000000d5900000)
  from space 1024K, 90% used [0x00000000d5900000,0x00000000d59e8000,0x00000000d5a00000)
  to   space 2048K, 0% used [0x00000000d5b00000,0x00000000d5b00000,0x00000000d5d00000)
 ParOldGen       total 1281536K, used 1281213K [0x0000000080000000, 0x00000000ce380000, 0x00000000d5580000)
  object space 1281536K, 99% used [0x0000000080000000,0x00000000ce32f5f8,0x00000000ce380000)
 Metaspace       used 66573K, committed 68224K, reserved 1114112K
  class space    used 6712K, committed 7552K, reserved 1048576K
}
Event: 209.111 GC heap after
{Heap after GC invocations=5839 (full 5):
 PSYoungGen      total 5632K, used 368K [0x00000000d5580000, 0x00000000d5c00000, 0x0000000100000000)
  eden space 4608K, 0% used [0x00000000d5580000,0x00000000d5580000,0x00000000d5a00000)
  from space 1024K, 35% used [0x00000000d5b00000,0x00000000d5b5c050,0x00000000d5c00000)
  to   space 1024K, 0% used [0x00000000d5a00000,0x00000000d5a00000,0x00000000d5b00000)
 ParOldGen       total 1282560K, used 1282115K [0x0000000080000000, 0x00000000ce480000, 0x00000000d5580000)
  object space 1282560K, 99% used [0x0000000080000000,0x00000000ce410e38,0x00000000ce480000)
 Metaspace       used 66573K, committed 68224K, reserved 1114112K
  class space    used 6712K, committed 7552K, reserved 1048576K
}
Event: 209.158 GC heap before
{Heap before GC invocations=5840 (full 5):
 PSYoungGen      total 5632K, used 4976K [0x00000000d5580000, 0x00000000d5c00000, 0x0000000100000000)
  eden space 4608K, 100% used [0x00000000d5580000,0x00000000d5a00000,0x00000000d5a00000)
  from space 1024K, 35% used [0x00000000d5b00000,0x00000000d5b5c050,0x00000000d5c00000)
  to   space 1024K, 0% used [0x00000000d5a00000,0x00000000d5a00000,0x00000000d5b00000)
 ParOldGen       total 1282560K, used 1282115K [0x0000000080000000, 0x00000000ce480000, 0x00000000d5580000)
  object space 1282560K, 99% used [0x0000000080000000,0x00000000ce410e38,0x00000000ce480000)
 Metaspace       used 66573K, committed 68224K, reserved 1114112K
  class space    used 6712K, committed 7552K, reserved 1048576K
}
Event: 209.163 GC heap after
{Heap after GC invocations=5840 (full 5):
 PSYoungGen      total 5632K, used 128K [0x00000000d5580000, 0x00000000d5c00000, 0x0000000100000000)
  eden space 4608K, 0% used [0x00000000d5580000,0x00000000d5580000,0x00000000d5a00000)
  from space 1024K, 12% used [0x00000000d5a00000,0x00000000d5a20000,0x00000000d5b00000)
  to   space 512K, 0% used [0x00000000d5b80000,0x00000000d5b80000,0x00000000d5c00000)
 ParOldGen       total 1282560K, used 1282223K [0x0000000080000000, 0x00000000ce480000, 0x00000000d5580000)
  object space 1282560K, 99% used [0x0000000080000000,0x00000000ce42be68,0x00000000ce480000)
 Metaspace       used 66573K, committed 68224K, reserved 1114112K
  class space    used 6712K, committed 7552K, reserved 1048576K
}
Event: 209.220 GC heap before
{Heap before GC invocations=5841 (full 5):
 PSYoungGen      total 5632K, used 4728K [0x00000000d5580000, 0x00000000d5c00000, 0x0000000100000000)
  eden space 4608K, 99% used [0x00000000d5580000,0x00000000d59fe198,0x00000000d5a00000)
  from space 1024K, 12% used [0x00000000d5a00000,0x00000000d5a20000,0x00000000d5b00000)
  to   space 512K, 0% used [0x00000000d5b80000,0x00000000d5b80000,0x00000000d5c00000)
 ParOldGen       total 1282560K, used 1282223K [0x0000000080000000, 0x00000000ce480000, 0x00000000d5580000)
  object space 1282560K, 99% used [0x0000000080000000,0x00000000ce42be68,0x00000000ce480000)
 Metaspace       used 66574K, committed 68224K, reserved 1114112K
  class space    used 6713K, committed 7552K, reserved 1048576K
}
Event: 209.224 GC heap after
{Heap after GC invocations=5841 (full 5):
 PSYoungGen      total 6144K, used 224K [0x00000000d5580000, 0x00000000d5c00000, 0x0000000100000000)
  eden space 5632K, 0% used [0x00000000d5580000,0x00000000d5580000,0x00000000d5b00000)
  from space 512K, 43% used [0x00000000d5b80000,0x00000000d5bb8000,0x00000000d5c00000)
  to   space 512K, 0% used [0x00000000d5b00000,0x00000000d5b00000,0x00000000d5b80000)
 ParOldGen       total 1282560K, used 1282255K [0x0000000080000000, 0x00000000ce480000, 0x00000000d5580000)
  object space 1282560K, 99% used [0x0000000080000000,0x00000000ce433e68,0x00000000ce480000)
 Metaspace       used 66574K, committed 68224K, reserved 1114112K
  class space    used 6713K, committed 7552K, reserved 1048576K
}
Event: 209.302 GC heap before
{Heap before GC invocations=5842 (full 5):
 PSYoungGen      total 6144K, used 5782K [0x00000000d5580000, 0x00000000d5c00000, 0x0000000100000000)
  eden space 5632K, 98% used [0x00000000d5580000,0x00000000d5aedaa0,0x00000000d5b00000)
  from space 512K, 43% used [0x00000000d5b80000,0x00000000d5bb8000,0x00000000d5c00000)
  to   space 512K, 0% used [0x00000000d5b00000,0x00000000d5b00000,0x00000000d5b80000)
 ParOldGen       total 1282560K, used 1282255K [0x0000000080000000, 0x00000000ce480000, 0x00000000d5580000)
  object space 1282560K, 99% used [0x0000000080000000,0x00000000ce433e68,0x00000000ce480000)
 Metaspace       used 66574K, committed 68224K, reserved 1114112K
  class space    used 6713K, committed 7552K, reserved 1048576K
}
Event: 209.306 GC heap after
{Heap after GC invocations=5842 (full 5):
 PSYoungGen      total 6144K, used 256K [0x00000000d5580000, 0x00000000d5c00000, 0x0000000100000000)
  eden space 5632K, 0% used [0x00000000d5580000,0x00000000d5580000,0x00000000d5b00000)
  from space 512K, 50% used [0x00000000d5b00000,0x00000000d5b40000,0x00000000d5b80000)
  to   space 512K, 0% used [0x00000000d5b80000,0x00000000d5b80000,0x00000000d5c00000)
 ParOldGen       total 1282560K, used 1282359K [0x0000000080000000, 0x00000000ce480000, 0x00000000d5580000)
  object space 1282560K, 99% used [0x0000000080000000,0x00000000ce44de68,0x00000000ce480000)
 Metaspace       used 66574K, committed 68224K, reserved 1114112K
  class space    used 6713K, committed 7552K, reserved 1048576K
}
Event: 209.332 GC heap before
{Heap before GC invocations=5843 (full 5):
 PSYoungGen      total 6144K, used 5888K [0x00000000d5580000, 0x00000000d5c00000, 0x0000000100000000)
  eden space 5632K, 100% used [0x00000000d5580000,0x00000000d5b00000,0x00000000d5b00000)
  from space 512K, 50% used [0x00000000d5b00000,0x00000000d5b40000,0x00000000d5b80000)
  to   space 512K, 0% used [0x00000000d5b80000,0x00000000d5b80000,0x00000000d5c00000)
 ParOldGen       total 1282560K, used 1282359K [0x0000000080000000, 0x00000000ce480000, 0x00000000d5580000)
  object space 1282560K, 99% used [0x0000000080000000,0x00000000ce44de68,0x00000000ce480000)
 Metaspace       used 66574K, committed 68224K, reserved 1114112K
  class space    used 6713K, committed 7552K, reserved 1048576K
}
Event: 209.335 GC heap after
{Heap after GC invocations=5843 (full 5):
 PSYoungGen      total 6144K, used 256K [0x00000000d5580000, 0x00000000d5c00000, 0x0000000100000000)
  eden space 5632K, 0% used [0x00000000d5580000,0x00000000d5580000,0x00000000d5b00000)
  from space 512K, 50% used [0x00000000d5b80000,0x00000000d5bc0000,0x00000000d5c00000)
  to   space 512K, 0% used [0x00000000d5b00000,0x00000000d5b00000,0x00000000d5b80000)
 ParOldGen       total 1282560K, used 1282419K [0x0000000080000000, 0x00000000ce480000, 0x00000000d5580000)
  object space 1282560K, 99% used [0x0000000080000000,0x00000000ce45cea8,0x00000000ce480000)
 Metaspace       used 66574K, committed 68224K, reserved 1114112K
  class space    used 6713K, committed 7552K, reserved 1048576K
}

