# JRE version: OpenJDK Runtime Environment Temurin-21.0.12.1+1 (21.0.12.1+1) (build 21.0.12.1+1-LTS)
# Java VM: OpenJDK 64-Bit Server VM Temurin-21.0.12.1+1 (21.0.12.1+1-LTS, mixed mode, sharing, tiered, compressed oops, compressed class ptrs, parallel gc, windows-amd64)
GC Precious Log:
 CardTable entry size: 512
 CPUs: 8 total, 8 available
 Memory: 7991M
 Large Page Support: Disabled
 NUMA Support: Disabled
 Compressed Oops: Enabled (32-bit)
 Alignments: Space 512K, Generation 512K, Heap 2M
 Heap Min Capacity: 100M
 Heap Initial Capacity: 100M
 Heap Max Capacity: 2G
 Pre-touch: Disabled
 Parallel Workers: 8
Heap:
 PSYoungGen      total 6656K, used 886K [0x00000000d5580000, 0x00000000d6180000, 0x0000000100000000)
  eden space 6144K, 6% used [0x00000000d5580000,0x00000000d55e38f0,0x00000000d5b80000)
  from space 512K, 95% used [0x00000000d5b80000,0x00000000d5bf9f90,0x00000000d5c00000)
  to   space 3072K, 0% used [0x00000000d5e80000,0x00000000d5e80000,0x00000000d6180000)
 ParOldGen       total 985600K, used 985247K [0x0000000080000000, 0x00000000bc280000, 0x00000000d5580000)
  object space 985600K, 99% used [0x0000000080000000,0x00000000bc227d98,0x00000000bc280000)
 Metaspace       used 64445K, committed 66176K, reserved 1114112K
  class space    used 6604K, committed 7424K, reserved 1048576K
GC Heap History (20 events):
Event: 54.927 GC heap before
{Heap before GC invocations=1397 (full 3):
 PSYoungGen      total 6144K, used 6142K [0x00000000d5580000, 0x00000000d5f80000, 0x0000000100000000)
  eden space 4096K, 99% used [0x00000000d5580000,0x00000000d597fb18,0x00000000d5980000)
  from space 2048K, 100% used [0x00000000d5980000,0x00000000d5b80000,0x00000000d5b80000)
  to   space 3072K, 0% used [0x00000000d5c80000,0x00000000d5c80000,0x00000000d5f80000)
 ParOldGen       total 977408K, used 976970K [0x0000000080000000, 0x00000000bba80000, 0x00000000d5580000)
  object space 977408K, 99% used [0x0000000080000000,0x00000000bba12a28,0x00000000bba80000)
 Metaspace       used 64390K, committed 66048K, reserved 1114112K
  class space    used 6604K, committed 7424K, reserved 1048576K
}
Event: 54.931 GC heap after
{Heap after GC invocations=1397 (full 3):
 PSYoungGen      total 4608K, used 64K [0x00000000d5580000, 0x00000000d5d00000, 0x0000000100000000)
  eden space 4096K, 0% used [0x00000000d5580000,0x00000000d5580000,0x00000000d5980000)
  from space 512K, 12% used [0x00000000d5c80000,0x00000000d5c90000,0x00000000d5d00000)
  to   space 1536K, 0% used [0x00000000d5a00000,0x00000000d5a00000,0x00000000d5b80000)
 ParOldGen       total 979456K, used 979057K [0x0000000080000000, 0x00000000bbc80000, 0x00000000d5580000)
  object space 979456K, 99% used [0x0000000080000000,0x00000000bbc1c478,0x00000000bbc80000)
 Metaspace       used 64390K, committed 66048K, reserved 1114112K
  class space    used 6604K, committed 7424K, reserved 1048576K
}
Event: 54.971 GC heap before
{Heap before GC invocations=1398 (full 3):
 PSYoungGen      total 4608K, used 4160K [0x00000000d5580000, 0x00000000d5d00000, 0x0000000100000000)
  eden space 4096K, 100% used [0x00000000d5580000,0x00000000d5980000,0x00000000d5980000)
  from space 512K, 12% used [0x00000000d5c80000,0x00000000d5c90000,0x00000000d5d00000)
  to   space 1536K, 0% used [0x00000000d5a00000,0x00000000d5a00000,0x00000000d5b80000)
 ParOldGen       total 979456K, used 979057K [0x0000000080000000, 0x00000000bbc80000, 0x00000000d5580000)
  object space 979456K, 99% used [0x0000000080000000,0x00000000bbc1c478,0x00000000bbc80000)
 Metaspace       used 64395K, committed 66048K, reserved 1114112K
  class space    used 6604K, committed 7424K, reserved 1048576K
}
Event: 54.974 GC heap after
{Heap after GC invocations=1398 (full 3):
 PSYoungGen      total 5632K, used 192K [0x00000000d5580000, 0x00000000d5d00000, 0x0000000100000000)
  eden space 4096K, 0% used [0x00000000d5580000,0x00000000d5580000,0x00000000d5980000)
  from space 1536K, 12% used [0x00000000d5a00000,0x00000000d5a30000,0x00000000d5b80000)
  to   space 512K, 0% used [0x00000000d5c80000,0x00000000d5c80000,0x00000000d5d00000)
 ParOldGen       total 979456K, used 979073K [0x0000000080000000, 0x00000000bbc80000, 0x00000000d5580000)
  object space 979456K, 99% used [0x0000000080000000,0x00000000bbc20478,0x00000000bbc80000)
 Metaspace       used 64395K, committed 66048K, reserved 1114112K
  class space    used 6604K, committed 7424K, reserved 1048576K
}
Event: 55.039 GC heap before
{Heap before GC invocations=1399 (full 3):
 PSYoungGen      total 5632K, used 4287K [0x00000000d5580000, 0x00000000d5d00000, 0x0000000100000000)
  eden space 4096K, 99% used [0x00000000d5580000,0x00000000d597fff0,0x00000000d5980000)
  from space 1536K, 12% used [0x00000000d5a00000,0x00000000d5a30000,0x00000000d5b80000)
  to   space 512K, 0% used [0x00000000d5c80000,0x00000000d5c80000,0x00000000d5d00000)
 ParOldGen       total 979456K, used 979073K [0x0000000080000000, 0x00000000bbc80000, 0x00000000d5580000)
  object space 979456K, 99% used [0x0000000080000000,0x00000000bbc20478,0x00000000bbc80000)
 Metaspace       used 64395K, committed 66048K, reserved 1114112K
  class space    used 6604K, committed 7424K, reserved 1048576K
}
Event: 55.044 GC heap after
{Heap after GC invocations=1399 (full 3):
 PSYoungGen      total 4608K, used 128K [0x00000000d5580000, 0x00000000d5d00000, 0x0000000100000000)
  eden space 4096K, 0% used [0x00000000d5580000,0x00000000d5580000,0x00000000d5980000)
  from space 512K, 25% used [0x00000000d5c80000,0x00000000d5ca0000,0x00000000d5d00000)
  to   space 512K, 0% used [0x00000000d5c00000,0x00000000d5c00000,0x00000000d5c80000)
 ParOldGen       total 979456K, used 979185K [0x0000000080000000, 0x00000000bbc80000, 0x00000000d5580000)
  object space 979456K, 99% used [0x0000000080000000,0x00000000bbc3c488,0x00000000bbc80000)
 Metaspace       used 64395K, committed 66048K, reserved 1114112K
  class space    used 6604K, committed 7424K, reserved 1048576K
}
Event: 55.115 GC heap before
{Heap before GC invocations=1400 (full 3):
 PSYoungGen      total 4608K, used 4106K [0x00000000d5580000, 0x00000000d5d00000, 0x0000000100000000)
  eden space 4096K, 97% used [0x00000000d5580000,0x00000000d5962960,0x00000000d5980000)
  from space 512K, 25% used [0x00000000d5c80000,0x00000000d5ca0000,0x00000000d5d00000)
  to   space 512K, 0% used [0x00000000d5c00000,0x00000000d5c00000,0x00000000d5c80000)
 ParOldGen       total 979456K, used 979185K [0x0000000080000000, 0x00000000bbc80000, 0x00000000d5580000)
  object space 979456K, 99% used [0x0000000080000000,0x00000000bbc3c488,0x00000000bbc80000)
 Metaspace       used 64411K, committed 66112K, reserved 1114112K
  class space    used 6604K, committed 7424K, reserved 1048576K
}
Event: 55.118 GC heap after
{Heap after GC invocations=1400 (full 3):
 PSYoungGen      total 4608K, used 455K [0x00000000d5580000, 0x00000000d5d00000, 0x0000000100000000)
  eden space 4096K, 0% used [0x00000000d5580000,0x00000000d5580000,0x00000000d5980000)
  from space 512K, 89% used [0x00000000d5c00000,0x00000000d5c71f90,0x00000000d5c80000)
  to   space 512K, 0% used [0x00000000d5c80000,0x00000000d5c80000,0x00000000d5d00000)
 ParOldGen       total 979456K, used 979201K [0x0000000080000000, 0x00000000bbc80000, 0x00000000d5580000)
  object space 979456K, 99% used [0x0000000080000000,0x00000000bbc40488,0x00000000bbc80000)
 Metaspace       used 64411K, committed 66112K, reserved 1114112K
  class space    used 6604K, committed 7424K, reserved 1048576K
}
Event: 55.130 GC heap before
{Heap before GC invocations=1401 (full 3):
 PSYoungGen      total 4608K, used 4551K [0x00000000d5580000, 0x00000000d5d00000, 0x0000000100000000)
  eden space 4096K, 100% used [0x00000000d5580000,0x00000000d5980000,0x00000000d5980000)
  from space 512K, 89% used [0x00000000d5c00000,0x00000000d5c71f90,0x00000000d5c80000)
  to   space 512K, 0% used [0x00000000d5c80000,0x00000000d5c80000,0x00000000d5d00000)
 ParOldGen       total 979456K, used 979201K [0x0000000080000000, 0x00000000bbc80000, 0x00000000d5580000)
  object space 979456K, 99% used [0x0000000080000000,0x00000000bbc40488,0x00000000bbc80000)
 Metaspace       used 64414K, committed 66112K, reserved 1114112K
  class space    used 6604K, committed 7424K, reserved 1048576K
}
Event: 55.134 GC heap after
{Heap after GC invocations=1401 (full 3):
 PSYoungGen      total 4608K, used 508K [0x00000000d5580000, 0x00000000d5f80000, 0x0000000100000000)
  eden space 4096K, 0% used [0x00000000d5580000,0x00000000d5580000,0x00000000d5980000)
  from space 512K, 99% used [0x00000000d5c80000,0x00000000d5cff3b8,0x00000000d5d00000)
  to   space 3072K, 0% used [0x00000000d5980000,0x00000000d5980000,0x00000000d5c80000)
 ParOldGen       total 981504K, used 981137K [0x0000000080000000, 0x00000000bbe80000, 0x00000000d5580000)
  object space 981504K, 99% used [0x0000000080000000,0x00000000bbe24428,0x00000000bbe80000)
 Metaspace       used 64414K, committed 66112K, reserved 1114112K
  class space    used 6604K, committed 7424K, reserved 1048576K
}
Event: 55.153 GC heap before
{Heap before GC invocations=1402 (full 3):
 PSYoungGen      total 4608K, used 4604K [0x00000000d5580000, 0x00000000d5f80000, 0x0000000100000000)
  eden space 4096K, 99% used [0x00000000d5580000,0x00000000d597fff8,0x00000000d5980000)
  from space 512K, 99% used [0x00000000d5c80000,0x00000000d5cff3b8,0x00000000d5d00000)
  to   space 3072K, 0% used [0x00000000d5980000,0x00000000d5980000,0x00000000d5c80000)
 ParOldGen       total 981504K, used 981137K [0x0000000080000000, 0x00000000bbe80000, 0x00000000d5580000)
  object space 981504K, 99% used [0x0000000080000000,0x00000000bbe24428,0x00000000bbe80000)
 Metaspace       used 64422K, committed 66112K, reserved 1114112K
  class space    used 6604K, committed 7424K, reserved 1048576K
}
Event: 55.157 GC heap after
{Heap after GC invocations=1402 (full 3):
 PSYoungGen      total 6144K, used 1664K [0x00000000d5580000, 0x00000000d5d80000, 0x0000000100000000)
  eden space 4096K, 0% used [0x00000000d5580000,0x00000000d5580000,0x00000000d5980000)
  from space 2048K, 81% used [0x00000000d5980000,0x00000000d5b20000,0x00000000d5b80000)
  to   space 2048K, 0% used [0x00000000d5b80000,0x00000000d5b80000,0x00000000d5d80000)
 ParOldGen       total 982016K, used 981591K [0x0000000080000000, 0x00000000bbf00000, 0x00000000d5580000)
  object space 982016K, 99% used [0x0000000080000000,0x00000000bbe95df8,0x00000000bbf00000)
 Metaspace       used 64422K, committed 66112K, reserved 1114112K
  class space    used 6604K, committed 7424K, reserved 1048576K
}
Event: 55.218 GC heap before
{Heap before GC invocations=1403 (full 3):
 PSYoungGen      total 6144K, used 5759K [0x00000000d5580000, 0x00000000d5d80000, 0x0000000100000000)
  eden space 4096K, 99% used [0x00000000d5580000,0x00000000d597fff8,0x00000000d5980000)
  from space 2048K, 81% used [0x00000000d5980000,0x00000000d5b20000,0x00000000d5b80000)
  to   space 2048K, 0% used [0x00000000d5b80000,0x00000000d5b80000,0x00000000d5d80000)
 ParOldGen       total 982016K, used 981591K [0x0000000080000000, 0x00000000bbf00000, 0x00000000d5580000)
  object space 982016K, 99% used [0x0000000080000000,0x00000000bbe95df8,0x00000000bbf00000)
 Metaspace       used 64442K, committed 66112K, reserved 1114112K
  class space    used 6604K, committed 7424K, reserved 1048576K
}
Event: 56.224 GC heap after
{Heap after GC invocations=1403 (full 3):
 PSYoungGen      total 6144K, used 160K [0x00000000d5580000, 0x00000000d5c80000, 0x0000000100000000)
  eden space 5120K, 0% used [0x00000000d5580000,0x00000000d5580000,0x00000000d5a80000)
  from space 1024K, 15% used [0x00000000d5b80000,0x00000000d5ba8000,0x00000000d5c80000)
  to   space 1024K, 0% used [0x00000000d5a80000,0x00000000d5a80000,0x00000000d5b80000)
 ParOldGen       total 983552K, used 983143K [0x0000000080000000, 0x00000000bc080000, 0x00000000d5580000)
  object space 983552K, 99% used [0x0000000080000000,0x00000000bc019df8,0x00000000bc080000)
 Metaspace       used 64442K, committed 66112K, reserved 1114112K
  class space    used 6604K, committed 7424K, reserved 1048576K
}
Event: 56.357 GC heap before
{Heap before GC invocations=1404 (full 3):
 PSYoungGen      total 6144K, used 5280K [0x00000000d5580000, 0x00000000d5c80000, 0x0000000100000000)
  eden space 5120K, 100% used [0x00000000d5580000,0x00000000d5a80000,0x00000000d5a80000)
  from space 1024K, 15% used [0x00000000d5b80000,0x00000000d5ba8000,0x00000000d5c80000)
  to   space 1024K, 0% used [0x00000000d5a80000,0x00000000d5a80000,0x00000000d5b80000)
 ParOldGen       total 983552K, used 983143K [0x0000000080000000, 0x00000000bc080000, 0x00000000d5580000)
  object space 983552K, 99% used [0x0000000080000000,0x00000000bc019df8,0x00000000bc080000)
 Metaspace       used 64442K, committed 66112K, reserved 1114112K
  class space    used 6604K, committed 7424K, reserved 1048576K
}
Event: 56.361 GC heap after
{Heap after GC invocations=1404 (full 3):
 PSYoungGen      total 6144K, used 256K [0x00000000d5580000, 0x00000000d5c80000, 0x0000000100000000)
  eden space 5120K, 0% used [0x00000000d5580000,0x00000000d5580000,0x00000000d5a80000)
  from space 1024K, 25% used [0x00000000d5a80000,0x00000000d5ac0000,0x00000000d5b80000)
  to   space 512K, 0% used [0x00000000d5c00000,0x00000000d5c00000,0x00000000d5c80000)
 ParOldGen       total 983552K, used 983191K [0x0000000080000000, 0x00000000bc080000, 0x00000000d5580000)
  object space 983552K, 99% used [0x0000000080000000,0x00000000bc025df8,0x00000000bc080000)
 Metaspace       used 64442K, committed 66112K, reserved 1114112K
  class space    used 6604K, committed 7424K, reserved 1048576K
}
Event: 56.426 GC heap before
{Heap before GC invocations=1405 (full 3):
 PSYoungGen      total 6144K, used 5375K [0x00000000d5580000, 0x00000000d5c80000, 0x0000000100000000)
  eden space 5120K, 99% used [0x00000000d5580000,0x00000000d5a7ffb0,0x00000000d5a80000)
  from space 1024K, 25% used [0x00000000d5a80000,0x00000000d5ac0000,0x00000000d5b80000)
  to   space 512K, 0% used [0x00000000d5c00000,0x00000000d5c00000,0x00000000d5c80000)
 ParOldGen       total 983552K, used 983191K [0x0000000080000000, 0x00000000bc080000, 0x00000000d5580000)
  object space 983552K, 99% used [0x0000000080000000,0x00000000bc025df8,0x00000000bc080000)
 Metaspace       used 64442K, committed 66112K, reserved 1114112K
  class space    used 6604K, committed 7424K, reserved 1048576K
}
Event: 56.428 GC heap after
{Heap after GC invocations=1405 (full 3):
 PSYoungGen      total 6656K, used 192K [0x00000000d5580000, 0x00000000d5c80000, 0x0000000100000000)
  eden space 6144K, 0% used [0x00000000d5580000,0x00000000d5580000,0x00000000d5b80000)
  from space 512K, 37% used [0x00000000d5c00000,0x00000000d5c30000,0x00000000d5c80000)
  to   space 512K, 0% used [0x00000000d5b80000,0x00000000d5b80000,0x00000000d5c00000)
 ParOldGen       total 983552K, used 983287K [0x0000000080000000, 0x00000000bc080000, 0x00000000d5580000)
  object space 983552K, 99% used [0x0000000080000000,0x00000000bc03ddf8,0x00000000bc080000)
 Metaspace       used 64442K, committed 66112K, reserved 1114112K
  class space    used 6604K, committed 7424K, reserved 1048576K
}
Event: 56.490 GC heap before
{Heap before GC invocations=1406 (full 3):
 PSYoungGen      total 6656K, used 6335K [0x00000000d5580000, 0x00000000d5c80000, 0x0000000100000000)
  eden space 6144K, 99% used [0x00000000d5580000,0x00000000d5b7ffd0,0x00000000d5b80000)
  from space 512K, 37% used [0x00000000d5c00000,0x00000000d5c30000,0x00000000d5c80000)
  to   space 512K, 0% used [0x00000000d5b80000,0x00000000d5b80000,0x00000000d5c00000)
 ParOldGen       total 983552K, used 983287K [0x0000000080000000, 0x00000000bc080000, 0x00000000d5580000)
  object space 983552K, 99% used [0x0000000080000000,0x00000000bc03ddf8,0x00000000bc080000)
 Metaspace       used 64442K, committed 66112K, reserved 1114112K
  class space    used 6604K, committed 7424K, reserved 1048576K
}
Event: 56.494 GC heap after
{Heap after GC invocations=1406 (full 3):
 PSYoungGen      total 6656K, used 224K [0x00000000d5580000, 0x00000000d5c80000, 0x0000000100000000)
  eden space 6144K, 0% used [0x00000000d5580000,0x00000000d5580000,0x00000000d5b80000)
  from space 512K, 43% used [0x00000000d5b80000,0x00000000d5bb8000,0x00000000d5c00000)
  to   space 512K, 0% used [0x00000000d5c00000,0x00000000d5c00000,0x00000000d5c80000)
 ParOldGen       total 983552K, used 983327K [0x0000000080000000, 0x00000000bc080000, 0x00000000d5580000)
  object space 983552K, 99% used [0x0000000080000000,0x00000000bc047df8,0x00000000bc080000)
 Metaspace       used 64442K, committed 66112K, reserved 1114112K
  class space    used 6604K, committed 7424K, reserved 1048576K
}

